<?xml version="1.0" encoding="UTF-8"?>
<testsuite xmlns:xsi="http://www.w3.org/2001/XMLSchema-instance" xsi:noNamespaceSchemaLocation="https://maven.apache.org/surefire/maven-failsafe-plugin/xsd/failsafe-test-report-3.0.xsd" version="3.0" name="com.deosite.tests.OrderingLoggedInSuite_2" time="145.585" tests="4" errors="0" skipped="0" failures="0">
  <properties>
[...]
</properties>
  <testcase name="Login and Order with courier delivery and transfer payment (changes shipping address)" classname="Order products logged in-2" time="37.085"/>
  <testcase name="Login and Order with courier delivery and pickup payment (changes billing address, click same shipping address checkbox)" classname="Order products logged in-2" time="36.972"/>
  <testcase name="Login and Order with courier delivery and paypal payment (changes shipping address)" classname="Order products logged in-2" time="34.821"/>
  <testcase name="Login and Order with courier delivery and transfer payment (changes shipping address, changes billing address)" classname="Order products logged in-2" time="35.347"/>
</testsuite>