<?xml version="1.0" encoding="UTF-8"?><testsuite errors="0" failures="0" name="Order products logged in-2" skipped="0" tests="4" time="143.56" timestamp="2022-04-01 02:40:48"><testcase name="Login and Order with courier delivery and transfer payment (changes shipping address)"/><testcase name="Login and Order with courier delivery and pickup payment (changes billing address, click same shipping address checkbox)"/><testcase name="Login and Order with courier delivery and paypal payment (changes shipping address)"/><testcase name="Login and Order with courier delivery and transfer payment (changes shipping address, changes billing address)"/></testsuite>